#
# A fatal error has been detected by the Java Runtime Environment:
#
#  EXCEPTION_ACCESS_VIOLATION (0xc0000005) at pc=0x00007ffdc842e356, pid=8056, tid=7548
#
# JRE version: OpenJDK Runtime Environment (21.0.2+13) (build 21.0.2+13-58)
# Java VM: OpenJDK 64-Bit Server VM (21.0.2+13-58, mixed mode, emulated-client, sharing, tiered, compressed oops, compressed class ptrs, g1 gc, windows-amd64)
# Problematic frame:
# V  [jvm.dll+0x13e356]
#
# No core dump will be written. Minidumps are not enabled by default on client versions of Windows
#
# If you would like to submit a bug report, please visit:
#   https://bugreport.java.com/bugreport/crash.jsp
#

---------------  S U M M A R Y ------------

Command Line: -XX:TieredStopAtLevel=1 -Dspring.output.ansi.enabled=always -Dcom.sun.management.jmxremote -Dspring.jmx.enabled=true -Dspring.liveBeansView.mbeanDomain -Dspring.application.admin.enabled=true -Dmanagement.endpoints.jmx.exposure.include=* -javaagent:C:\Program Files\JetBrains\IntelliJ IDEA 2023.3.4\lib\idea_rt.jar=52512:C:\Program Files\JetBrains\IntelliJ IDEA 2023.3.4\bin -Dfile.encoding=UTF-8 -Dsun.stdout.encoding=UTF-8 -Dsun.stderr.encoding=UTF-8 gr.balasis.hotel.core.HotelCore

Host: AMD Ryzen 7 1800X Eight-Core Processor         , 16 cores, 31G,  Windows 10 , 64 bit Build 19041 (10.0.19041.5438)
Time: Tue Feb 25 19:17:24 2025 GTB Standard Time elapsed time: 2.178949 seconds (0d 0h 0m 2s)

---------------  T H R E A D  ---------------

Current thread (0x000001f4cfb2c140):  WorkerThread "GC Thread#5"    [id=7548, stack(0x0000000fdda00000,0x0000000fddb00000) (1024K)]

Stack: [0x0000000fdda00000,0x0000000fddb00000],  sp=0x0000000fddaff7b8,  free space=1021k
Native frames: (J=compiled Java code, j=interpreted, Vv=VM code, C=native code)
V  [jvm.dll+0x13e356]


siginfo: EXCEPTION_ACCESS_VIOLATION (0xc0000005), reading address 0x000001f48b9af94b


Registers:
RAX=0x0000000000000002, RBX=0x0000000000000001, RCX=0x0000000602ab2440, RDX=0x0000000602ab2440
RSP=0x0000000fddaff7b8, RBP=0x00000000000002b9, RSI=0x000001f4f0762740, RDI=0x00000000c0252362
R8 =0x000001f48b9af943, R9 =0x00000000c0252362, R10=0x0000000602ab2440, R11=0x0000000000000001
R12=0x0000000000000003, R13=0x000001f48b9af943, R14=0x0000000602ab2440, R15=0x000001f4d03d99b0
RIP=0x00007ffdc842e356, EFLAGS=0x0000000000010202


Register to memory mapping:

RAX=0x0000000000000002 is an unknown value
RBX=0x0000000000000001 is an unknown value
RCX=
[error occurred during error reporting (printing register info), id 0xc0000005, EXCEPTION_ACCESS_VIOLATION (0xc0000005) at pc=0x00007ffdc842e3c1]
RDX=
[error occurred during error reporting (printing register info, attempt 2), id 0xc0000005, EXCEPTION_ACCESS_VIOLATION (0xc0000005) at pc=0x00007ffdc842e3c1]
RSP=0x0000000fddaff7b8 points into unknown readable memory: 0x00007ffdc8647c6b | 6b 7c 64 c8 fd 7f 00 00
RBP=0x00000000000002b9 is an unknown value
RSI=0x000001f4f0762740 points into unknown readable memory: 0x0000000000000000 | 00 00 00 00 00 00 00 00
RDI=3223659362 is a compressed pointer to object: java.lang.Class 
{0x0000000601291b10} - klass: 'java/lang/Class'
 - ---- fields (total size 14 words):
 - private volatile transient 'classRedefinedCount' 'I' @12  0 (0x00000000)
 - injected 'klass' 'J' @16  2149816168008 (0x000001f48b076e48)
 - injected 'array_klass' 'J' @24  0 (0x0000000000000000)
 - injected 'oop_size' 'I' @32  14 (0x0000000e)
 - injected 'static_oop_field_count' 'I' @36  0 (0x00000000)
 - private volatile transient 'cachedConstructor' 'Ljava/lang/reflect/Constructor;' @40  null (0x00000000)
 - private transient 'name' 'Ljava/lang/String;' @44  null (0x00000000)
 - private transient 'module' 'Ljava/lang/Module;' @48  a 'java/lang/Module'{0x0000000601316958} (0xc0262d2b)
 - private final 'classLoader' 'Ljava/lang/ClassLoader;' @52  null (0x00000000)
 - private transient 'classData' 'Ljava/lang/Object;' @56  null (0x00000000)
 - private transient 'packageName' 'Ljava/lang/String;' @60  null (0x00000000)
 - private final 'componentType' 'Ljava/lang/Class;' @64  null (0x00000000)
 - private volatile transient 'reflectionData' 'Ljava/lang/ref/SoftReference;' @68  null (0x00000000)
 - private volatile transient 'genericInfo' 'Lsun/reflect/generics/repository/ClassRepository;' @72  null (0x00000000)
 - private volatile transient 'enumConstants' '[Ljava/lang/Object;' @76  null (0x00000000)
 - private volatile transient 'enumConstantDirectory' 'Ljava/util/Map;' @80  null (0x00000000)
 - private volatile transient 'annotationData' 'Ljava/lang/Class$AnnotationData;' @84  null (0x00000000)
 - private volatile transient 'annotationType' 'Lsun/reflect/annotation/AnnotationType;' @88  null (0x00000000)
 - transient 'classValueMap' 'Ljava/lang/ClassValue$ClassValueMap;' @92  null (0x00000000)
 - injected 'protection_domain' 'Ljava/lang/Object;' @96  null (0x00000000)
 - injected 'signers_name' 'Ljava/lang/Object;' @100  null (0x00000000)
 - injected 'source_file' 'Ljava/lang/Object;' @104  null (0x00000000)
 - signature: Ljava/lang/reflect/InvocationHandler;
 - ---- static fields (0):
R8 =0x000001f48b9af943 is pointing into metadata
R9 =3223659362 is a compressed pointer to object: java.lang.Class 
{0x0000000601291b10} - klass: 'java/lang/Class'
 - ---- fields (total size 14 words):
 - private volatile transient 'classRedefinedCount' 'I' @12  0 (0x00000000)
 - injected 'klass' 'J' @16  2149816168008 (0x000001f48b076e48)
 - injected 'array_klass' 'J' @24  0 (0x0000000000000000)
 - injected 'oop_size' 'I' @32  14 (0x0000000e)
 - injected 'static_oop_field_count' 'I' @36  0 (0x00000000)
 - private volatile transient 'cachedConstructor' 'Ljava/lang/reflect/Constructor;' @40  null (0x00000000)
 - private transient 'name' 'Ljava/lang/String;' @44  null (0x00000000)
 - private transient 'module' 'Ljava/lang/Module;' @48  a 'java/lang/Module'{0x0000000601316958} (0xc0262d2b)
 - private final 'classLoader' 'Ljava/lang/ClassLoader;' @52  null (0x00000000)
 - private transient 'classData' 'Ljava/lang/Object;' @56  null (0x00000000)
 - private transient 'packageName' 'Ljava/lang/String;' @60  null (0x00000000)
 - private final 'componentType' 'Ljava/lang/Class;' @64  null (0x00000000)
 - private volatile transient 'reflectionData' 'Ljava/lang/ref/SoftReference;' @68  null (0x00000000)
 - private volatile transient 'genericInfo' 'Lsun/reflect/generics/repository/ClassRepository;' @72  null (0x00000000)
 - private volatile transient 'enumConstants' '[Ljava/lang/Object;' @76  null (0x00000000)
 - private volatile transient 'enumConstantDirectory' 'Ljava/util/Map;' @80  null (0x00000000)
 - private volatile transient 'annotationData' 'Ljava/lang/Class$AnnotationData;' @84  null (0x00000000)
 - private volatile transient 'annotationType' 'Lsun/reflect/annotation/AnnotationType;' @88  null (0x00000000)
 - transient 'classValueMap' 'Ljava/lang/ClassValue$ClassValueMap;' @92  null (0x00000000)
 - injected 'protection_domain' 'Ljava/lang/Object;' @96  null (0x00000000)
 - injected 'signers_name' 'Ljava/lang/Object;' @100  null (0x00000000)
 - injected 'source_file' 'Ljava/lang/Object;' @104  null (0x00000000)
 - signature: Ljava/lang/reflect/InvocationHandler;
 - ---- static fields (0):
R10=
[error occurred during error reporting (printing register info, attempt 3), id 0xc0000005, EXCEPTION_ACCESS_VIOLATION (0xc0000005) at pc=0x00007ffdc842e3c1]
Top of Stack: (sp=0x0000000fddaff7b8)
0x0000000fddaff7b8:   00007ffdc8647c6b 0000000000000011
0x0000000fddaff7c8:   0000000000000011 0000000000000002
0x0000000fddaff7d8:   0000000000000002 000000060314b36c
0x0000000fddaff7e8:   00007ffdc8646019 0000000000000011
0x0000000fddaff7f8:   000001f4f080d030 000001f4d03d99c8
0x0000000fddaff808:   000001f4cfb67710 000001f4d03d9b38
0x0000000fddaff818:   0000000000000000 0000000000000040
0x0000000fddaff828:   000001f4cfaea6a0 0000000000000003
0x0000000fddaff838:   00000006019af998 000001f4f0762740
0x0000000fddaff848:   00000000000002b9 000001f4d03d99b0
0x0000000fddaff858:   00007ffdc8648efa 000001f4d03d0000
0x0000000fddaff868:   000001f4f0760100 000001f400000000
0x0000000fddaff878:   0000000000000028 0000000601125400
0x0000000fddaff888:   0000000000000000 0000000fddaffa80
0x0000000fddaff898:   0000000601125a10 0000000fddaffa80
0x0000000fddaff8a8:   00007ffdc86455de 0000000fddaff930
0x0000000fddaff8b8:   000001f4d03d99b0 00000006010ff400
0x0000000fddaff8c8:   0000000000000040 00000000014b702d
0x0000000fddaff8d8:   0000000000000000 0000000000000003
0x0000000fddaff8e8:   0000000fddaffa80 000001f4fe5320c0
0x0000000fddaff8f8:   00007ffdc86526ab 0000000000000000
0x0000000fddaff908:   000001f4fe5320c0 0000000fddaffa80
0x0000000fddaff918:   00007ffdc89b3a3f 0000000601125400
0x0000000fddaff928:   00000000000000c0 00007ffdc8cc95f8
0x0000000fddaff938:   0000000000000000 000001f4f075aeb0
0x0000000fddaff948:   000001f4d03d99b0 0000000fddaffad0
0x0000000fddaff958:   00007ffdc89b3a3f 000001f4cf17d9d0
0x0000000fddaff968:   000001f4fd210940 000001f4ee58c8f0
0x0000000fddaff978:   00007ffdc8654349 0000000000000000
0x0000000fddaff988:   00007ffdc8afa49e 0000000000000002
0x0000000fddaff998:   000001f4fd21092d 0000000000000002
0x0000000fddaff9a8:   0000000000000000 000001f4f074b3c0 

Instructions: (pc=0x00007ffdc842e356)
0x00007ffdc842e256:   4c 63 c0 41 8b c1 48 c1 f8 10 48 63 14 19 41 8b
0x00007ffdc842e266:   c9 83 e1 3f 48 d3 e2 0f b6 c8 49 8d 04 10 49 f7
0x00007ffdc842e276:   d0 48 03 c8 49 c1 e8 03 48 c1 e9 03 49 23 c8 eb
0x00007ffdc842e286:   12 49 8b 00 48 8b d3 49 8b c8 ff 90 00 01 00 00
0x00007ffdc842e296:   48 8b c8 48 89 1f 48 8b c7 48 8b 5c 24 30 48 89
0x00007ffdc842e2a6:   4f 08 48 83 c4 20 5f c3 cc cc 0f b6 05 67 f2 a7
0x00007ffdc842e2b6:   00 48 8b d1 84 c0 74 16 44 8b 41 08 8b 0d b0 dc
0x00007ffdc842e2c6:   a7 00 49 d3 e0 4c 03 05 9e dc a7 00 eb 04 4c 8b
0x00007ffdc842e2d6:   41 08 45 8b 48 08 45 85 c9 7e 0e 41 f6 c1 01 75
0x00007ffdc842e2e6:   53 41 c1 f9 03 49 63 c1 c3 79 49 84 c0 41 b8 0c
0x00007ffdc842e2f6:   00 00 00 8b 05 b9 ed a7 00 b9 10 00 00 00 41 0f
0x00007ffdc842e306:   45 c8 ff c8 4c 63 c0 41 8b c1 48 c1 f8 10 0f b6
0x00007ffdc842e316:   c0 48 63 14 11 41 8b c9 83 e1 3f 48 d3 e2 49 8d
0x00007ffdc842e326:   0c 10 49 f7 d0 48 03 c1 49 c1 e8 03 48 c1 e8 03
0x00007ffdc842e336:   49 23 c0 c3 49 8b 00 49 8b c8 48 ff a0 00 01 00
0x00007ffdc842e346:   00 cc cc cc cc cc cc cc cc cc 4c 8b c2 48 8b d1
0x00007ffdc842e356:   45 8b 48 08 45 85 c9 7e 0e 41 f6 c1 01 75 56 41
0x00007ffdc842e366:   c1 f9 03 49 63 c1 c3 79 4c 80 3d a8 f1 a7 00 00
0x00007ffdc842e376:   b8 0c 00 00 00 b9 10 00 00 00 0f 45 c8 8b 05 2f
0x00007ffdc842e386:   ed a7 00 ff c8 4c 63 c0 41 8b c1 48 c1 f8 10 48
0x00007ffdc842e396:   63 14 11 41 8b c9 83 e1 3f 0f b6 c0 48 d3 e2 49
0x00007ffdc842e3a6:   8d 0c 10 49 f7 d0 48 03 c1 49 c1 e8 03 48 c1 e8
0x00007ffdc842e3b6:   03 49 23 c0 c3 49 8b 00 49 8b c8 48 ff a0 00 01
0x00007ffdc842e3c6:   00 00 cc cc cc cc cc cc cc cc 48 83 ec 28 ba 37
0x00007ffdc842e3d6:   00 00 00 48 8d 0d a8 89 85 00 e8 5b 29 14 00 cc
0x00007ffdc842e3e6:   cc cc cc cc cc cc cc cc cc cc 40 53 48 83 ec 20
0x00007ffdc842e3f6:   48 8b d9 49 8b c0 33 c9 45 0f b6 c1 48 89 0b 48
0x00007ffdc842e406:   89 4b 08 48 8b cb 48 89 53 10 48 8b d0 e8 a8 09
0x00007ffdc842e416:   00 00 48 8b c3 48 83 c4 20 5b c3 cc cc cc cc cc
0x00007ffdc842e426:   cc cc cc cc cc cc cc cc cc cc 40 53 48 83 ec 20
0x00007ffdc842e436:   33 c0 44 88 41 10 45 0f b6 c1 48 89 01 48 89 41
0x00007ffdc842e446:   08 48 8b d9 e8 81 0a 00 00 48 8b c3 48 83 c4 20 


Stack slot to memory mapping:

stack at sp + 0 slots: 0x00007ffdc8647c6b jvm.dll
stack at sp + 1 slots: 0x0000000000000011 is an unknown value
stack at sp + 2 slots: 0x0000000000000011 is an unknown value
stack at sp + 3 slots: 0x0000000000000002 is an unknown value
stack at sp + 4 slots: 0x0000000000000002 is an unknown value
stack at sp + 5 slots: 
[error occurred during error reporting (inspecting top of stack), id 0xc0000005, EXCEPTION_ACCESS_VIOLATION (0xc0000005) at pc=0x00007ffdc842e3c1]
stack at sp + 6 slots: 0x00007ffdc8646019 jvm.dll
stack at sp + 7 slots: 0x0000000000000011 is an unknown value


---------------  P R O C E S S  ---------------

Threads class SMR info:
_java_thread_list=0x000001f4d0ca03f0, length=18, elements={
0x000001f4ee58d370, 0x000001f4cf1123d0, 0x000001f4cf1133a0, 0x000001f4cf119210,
0x000001f4cf117360, 0x000001f4cf11a570, 0x000001f4cf11b770, 0x000001f4cf11fa30,
0x000001f4cf17bf20, 0x000001f4fe6dddf0, 0x000001f4cf5fd300, 0x000001f4cf5fd970,
0x000001f4cf6944a0, 0x000001f4cf6f0b80, 0x000001f4cf8b87a0, 0x000001f4d053c8d0,
0x000001f4d057e800, 0x000001f4d06b18e0
}

Java Threads: ( => current thread )
  0x000001f4ee58d370 JavaThread "main"                              [_thread_blocked, id=6044, stack(0x0000000fdc000000,0x0000000fdc100000) (1024K)]
  0x000001f4cf1123d0 JavaThread "Reference Handler"          daemon [_thread_blocked, id=11832, stack(0x0000000fdc800000,0x0000000fdc900000) (1024K)]
  0x000001f4cf1133a0 JavaThread "Finalizer"                  daemon [_thread_blocked, id=15608, stack(0x0000000fdc900000,0x0000000fdca00000) (1024K)]
  0x000001f4cf119210 JavaThread "Signal Dispatcher"          daemon [_thread_blocked, id=14608, stack(0x0000000fdca00000,0x0000000fdcb00000) (1024K)]
  0x000001f4cf117360 JavaThread "Attach Listener"            daemon [_thread_blocked, id=15308, stack(0x0000000fdcb00000,0x0000000fdcc00000) (1024K)]
  0x000001f4cf11a570 JavaThread "Service Thread"             daemon [_thread_blocked, id=2808, stack(0x0000000fdcc00000,0x0000000fdcd00000) (1024K)]
  0x000001f4cf11b770 JavaThread "Monitor Deflation Thread"   daemon [_thread_blocked, id=15040, stack(0x0000000fdcd00000,0x0000000fdce00000) (1024K)]
  0x000001f4cf11fa30 JavaThread "C1 CompilerThread0"         daemon [_thread_blocked, id=14716, stack(0x0000000fdce00000,0x0000000fdcf00000) (1024K)]
  0x000001f4cf17bf20 JavaThread "C1 CompilerThread1"         daemon [_thread_blocked, id=15132, stack(0x0000000fdcf00000,0x0000000fdd000000) (1024K)]
  0x000001f4fe6dddf0 JavaThread "Common-Cleaner"             daemon [_thread_blocked, id=5888, stack(0x0000000fdd000000,0x0000000fdd100000) (1024K)]
  0x000001f4cf5fd300 JavaThread "Monitor Ctrl-Break"         daemon [_thread_in_native, id=16296, stack(0x0000000fdd100000,0x0000000fdd200000) (1024K)]
  0x000001f4cf5fd970 JavaThread "Notification Thread"        daemon [_thread_blocked, id=13016, stack(0x0000000fdd200000,0x0000000fdd300000) (1024K)]
  0x000001f4cf6944a0 JavaThread "C1 CompilerThread2"         daemon [_thread_blocked, id=7620, stack(0x0000000fdd300000,0x0000000fdd400000) (1024K)]
  0x000001f4cf6f0b80 JavaThread "C1 CompilerThread3"         daemon [_thread_blocked, id=10036, stack(0x0000000fdd400000,0x0000000fdd500000) (1024K)]
  0x000001f4cf8b87a0 JavaThread "RMI TCP Accept-0"           daemon [_thread_in_native, id=6420, stack(0x0000000fdd500000,0x0000000fdd600000) (1024K)]
  0x000001f4d053c8d0 JavaThread "RMI TCP Connection(1)-192.168.1.4" daemon [_thread_in_native, id=14144, stack(0x0000000fde200000,0x0000000fde300000) (1024K)]
  0x000001f4d057e800 JavaThread "RMI Scheduler(0)"           daemon [_thread_blocked, id=14052, stack(0x0000000fde300000,0x0000000fde400000) (1024K)]
  0x000001f4d06b18e0 JavaThread "C1 CompilerThread4"         daemon [_thread_blocked, id=14728, stack(0x0000000fde400000,0x0000000fde500000) (1024K)]
Total: 18

Other Threads:
  0x000001f4fe6f2ae0 VMThread "VM Thread"                           [id=10824, stack(0x0000000fdc700000,0x0000000fdc800000) (1024K)]
  0x000001f4fe6dcf00 WatcherThread "VM Periodic Task Thread"        [id=1288, stack(0x0000000fdc600000,0x0000000fdc700000) (1024K)]
  0x000001f4f07f1bf0 WorkerThread "GC Thread#0"                     [id=12476, stack(0x0000000fdc100000,0x0000000fdc200000) (1024K)]
  0x000001f4cfae6090 WorkerThread "GC Thread#1"                     [id=11064, stack(0x0000000fdd600000,0x0000000fdd700000) (1024K)]
  0x000001f4cfae6430 WorkerThread "GC Thread#2"                     [id=3552, stack(0x0000000fdd700000,0x0000000fdd800000) (1024K)]
  0x000001f4cfae67d0 WorkerThread "GC Thread#3"                     [id=15124, stack(0x0000000fdd800000,0x0000000fdd900000) (1024K)]
  0x000001f4cfae6b70 WorkerThread "GC Thread#4"                     [id=13600, stack(0x0000000fdd900000,0x0000000fdda00000) (1024K)]
=>0x000001f4cfb2c140 WorkerThread "GC Thread#5"                     [id=7548, stack(0x0000000fdda00000,0x0000000fddb00000) (1024K)]
  0x000001f4cfb2caf0 WorkerThread "GC Thread#6"                     [id=7240, stack(0x0000000fddb00000,0x0000000fddc00000) (1024K)]
  0x000001f4cfafef00 WorkerThread "GC Thread#7"                     [id=13564, stack(0x0000000fddc00000,0x0000000fddd00000) (1024K)]
  0x000001f4cfaff2a0 WorkerThread "GC Thread#8"                     [id=2440, stack(0x0000000fddd00000,0x0000000fdde00000) (1024K)]
  0x000001f4cfaffac0 WorkerThread "GC Thread#9"                     [id=6076, stack(0x0000000fdde00000,0x0000000fddf00000) (1024K)]
  0x000001f4cfaef4e0 WorkerThread "GC Thread#10"                    [id=9408, stack(0x0000000fddf00000,0x0000000fde000000) (1024K)]
  0x000001f4cfb3bed0 WorkerThread "GC Thread#11"                    [id=764, stack(0x0000000fde000000,0x0000000fde100000) (1024K)]
  0x000001f4cfb3d0f0 WorkerThread "GC Thread#12"                    [id=5944, stack(0x0000000fde500000,0x0000000fde600000) (1024K)]
  0x000001f4f0802c10 ConcurrentGCThread "G1 Main Marker"            [id=2912, stack(0x0000000fdc200000,0x0000000fdc300000) (1024K)]
  0x000001f4f0803dc0 WorkerThread "G1 Conc#0"                       [id=2596, stack(0x0000000fdc300000,0x0000000fdc400000) (1024K)]
  0x000001f4cfb3b790 WorkerThread "G1 Conc#1"                       [id=15172, stack(0x0000000fde600000,0x0000000fde700000) (1024K)]
  0x000001f4cfb3bb30 WorkerThread "G1 Conc#2"                       [id=10308, stack(0x0000000fde700000,0x0000000fde800000) (1024K)]
  0x000001f4fe59cee0 ConcurrentGCThread "G1 Refine#0"               [id=16180, stack(0x0000000fdc400000,0x0000000fdc500000) (1024K)]
  0x000001f4fe59d960 ConcurrentGCThread "G1 Service"                [id=15340, stack(0x0000000fdc500000,0x0000000fdc600000) (1024K)]
Total: 21

Threads with active compile tasks:
C1 CompilerThread3     2203 3933       1       org.springframework.core.ResolvableType::forMethodParameter (40 bytes)
Total: 1

VM state: at safepoint (normal execution)

VM Mutex/Monitor currently owned by a thread:  ([mutex/lock_event])
[0x00007ffdc8f2cd68] Threads_lock - owner thread: 0x000001f4fe6f2ae0
[0x00007ffdc8f2ce68] Heap_lock - owner thread: 0x000001f4ee58d370

Heap address: 0x0000000601000000, size: 8176 MB, Compressed Oops mode: Zero based, Oop shift amount: 3

CDS archive(s) mapped at: [0x000001f48a000000-0x000001f48ac90000-0x000001f48ac90000), size 13172736, SharedBaseAddress: 0x000001f48a000000, ArchiveRelocationMode: 1.
Compressed class space mapped at: 0x000001f48b000000-0x000001f4cb000000, reserved size: 1073741824
Narrow klass base: 0x000001f48a000000, Narrow klass shift: 0, Narrow klass range: 0x100000000

GC Precious Log:
 CardTable entry size: 512
 Card Set container configuration: InlinePtr #cards 4 size 8 Array Of Cards #cards 32 size 80 Howl #buckets 8 coarsen threshold 7372 Howl Bitmap #cards 1024 size 144 coarsen threshold 921 Card regions per heap region 1 cards per card region 8192
 CPUs: 16 total, 16 available
 Memory: 32700M
 Large Page Support: Disabled
 NUMA Support: Disabled
 Compressed Oops: Enabled (Zero based)
 Heap Region Size: 4M
 Heap Min Capacity: 8M
 Heap Initial Capacity: 512M
 Heap Max Capacity: 8176M
 Pre-touch: Disabled
 Parallel Workers: 13
 Concurrent Workers: 3
 Concurrent Refinement Workers: 13
 Periodic GC: Disabled

Heap:
 garbage-first heap   total 69632K, used 47548K [0x0000000601000000, 0x0000000800000000)
  region size 4096K, 10 young (40960K), 2 survivors (8192K)
 Metaspace       used 26984K, committed 27520K, reserved 1114112K
  class space    used 3717K, committed 3968K, reserved 1048576K

Heap Regions: E=young(eden), S=young(survivor), O=old, HS=humongous(starts), HC=humongous(continues), CS=collection set, F=free, TAMS=top-at-mark-start, PB=parsable bottom
|   0|0x0000000601000000, 0x0000000601400000, 0x0000000601400000|100%| O|  |TAMS 0x0000000601000000| PB 0x0000000601000000| Untracked 
|   1|0x0000000601400000, 0x0000000601727ee8, 0x0000000601800000| 78%| O|CS|TAMS 0x0000000601400000| PB 0x0000000601400000| Complete 
|   2|0x0000000601800000, 0x0000000601c00000, 0x0000000601c00000|100%| O|  |TAMS 0x0000000601800000| PB 0x0000000601800000| Untracked 
|   3|0x0000000601c00000, 0x0000000601ee3230, 0x0000000602000000| 72%| O|  |TAMS 0x0000000601c00000| PB 0x0000000601c00000| Untracked 
|   4|0x0000000602000000, 0x0000000602000000, 0x0000000602400000|  0%| F|  |TAMS 0x0000000602000000| PB 0x0000000602000000| Untracked 
|   5|0x0000000602400000, 0x0000000602747290, 0x0000000602800000| 81%| E|CS|TAMS 0x0000000602400000| PB 0x0000000602400000| Complete 
|   6|0x0000000602800000, 0x0000000602c00000, 0x0000000602c00000|100%| E|CS|TAMS 0x0000000602800000| PB 0x0000000602800000| Complete 
|   7|0x0000000602c00000, 0x0000000602da96a0, 0x0000000603000000| 41%| S|  |TAMS 0x0000000602c00000| PB 0x0000000602c00000| Complete 
|   8|0x0000000603000000, 0x0000000603400000, 0x0000000603400000|100%| S|  |TAMS 0x0000000603000000| PB 0x0000000603000000| Complete 
|   9|0x0000000603400000, 0x0000000603800000, 0x0000000603800000|100%| E|CS|TAMS 0x0000000603400000| PB 0x0000000603400000| Complete 
|  10|0x0000000603800000, 0x0000000603c00000, 0x0000000603c00000|100%| E|CS|TAMS 0x0000000603800000| PB 0x0000000603800000| Complete 
|  11|0x0000000603c00000, 0x0000000604000000, 0x0000000604000000|100%| E|CS|TAMS 0x0000000603c00000| PB 0x0000000603c00000| Complete 
|  12|0x0000000604000000, 0x0000000604400000, 0x0000000604400000|100%| E|CS|TAMS 0x0000000604000000| PB 0x0000000604000000| Complete 
|  13|0x0000000604400000, 0x0000000604800000, 0x0000000604800000|100%| E|CS|TAMS 0x0000000604400000| PB 0x0000000604400000| Complete 
| 115|0x000000061dc00000, 0x000000061e000000, 0x000000061e000000|100%| E|CS|TAMS 0x000000061dc00000| PB 0x000000061dc00000| Complete 
| 116|0x000000061e000000, 0x000000061e400000, 0x000000061e400000|100%| E|CS|TAMS 0x000000061e000000| PB 0x000000061e000000| Complete 
| 127|0x0000000620c00000, 0x0000000621000000, 0x0000000621000000|100%| E|CS|TAMS 0x0000000620c00000| PB 0x0000000620c00000| Complete 

Card table byte_map: [0x000001f4fd210000,0x000001f4fe210000] _byte_map_base: 0x000001f4fa208000

Marking Bits: (CMBitMap*) 0x000001f4f07f2200
 Bits: [0x000001f480000000, 0x000001f487fc0000)

Polling page: 0x000001f4eff10000

Metaspace:

Usage:
  Non-class:     22.72 MB used.
      Class:      3.63 MB used.
       Both:     26.35 MB used.

Virtual space:
  Non-class space:       64.00 MB reserved,      23.00 MB ( 36%) committed,  1 nodes.
      Class space:        1.00 GB reserved,       3.88 MB ( <1%) committed,  1 nodes.
             Both:        1.06 GB reserved,      26.88 MB (  2%) committed. 

Chunk freelists:
   Non-Class:  8.70 MB
       Class:  12.16 MB
        Both:  20.86 MB

MaxMetaspaceSize: unlimited
CompressedClassSpaceSize: 1.00 GB
Initial GC threshold: 21.00 MB
Current GC threshold: 32.62 MB
CDS: on
 - commit_granule_bytes: 65536.
 - commit_granule_words: 8192.
 - virtual_space_node_default_size: 8388608.
 - enlarge_chunks_in_place: 1.
 - use_allocation_guard: 0.


Internal statistics:

num_allocs_failed_limit: 0.
num_arena_births: 648.
num_arena_deaths: 0.
num_vsnodes_births: 2.
num_vsnodes_deaths: 0.
num_space_committed: 430.
num_space_uncommitted: 0.
num_chunks_returned_to_freelist: 0.
num_chunks_taken_from_freelist: 1591.
num_chunk_merges: 0.
num_chunk_splits: 1050.
num_chunks_enlarged: 727.
num_inconsistent_stats: 0.

CodeCache: size=49152Kb used=9678Kb max_used=9678Kb free=39473Kb
 bounds [0x000001f4f8ba0000, 0x000001f4f9520000, 0x000001f4fbba0000]
 total_blobs=4474 nmethods=3930 adapters=463
 compilation: enabled
              stopped_count=0, restarted_count=0
 full_count=0

Compilation events (20 events):
Event: 2.141 Thread 0x000001f4cf6944a0 3924       1       org.springframework.core.BridgeMethodResolver$$Lambda/0x000001f48b3cde20::matches (9 bytes)
Event: 2.141 Thread 0x000001f4d06b18e0 nmethod 3918 0x000001f4f950e910 code [0x000001f4f950ec00, 0x000001f4f950f458]
Event: 2.142 Thread 0x000001f4cf11fa30 3925       1       org.springframework.core.BridgeMethodResolver::lambda$resolveBridgeMethod$0 (6 bytes)
Event: 2.142 Thread 0x000001f4cf17bf20 nmethod 3922 0x000001f4f950f990 code [0x000001f4f950fba0, 0x000001f4f950ff90]
Event: 2.142 Thread 0x000001f4cf6944a0 nmethod 3924 0x000001f4f9510210 code [0x000001f4f95103c0, 0x000001f4f95104b8]
Event: 2.142 Thread 0x000001f4cf17bf20 3926       1       org.springframework.core.BridgeMethodResolver::isBridgedCandidateFor (38 bytes)
Event: 2.142 Thread 0x000001f4cf11fa30 nmethod 3925 0x000001f4f9510590 code [0x000001f4f9510740, 0x000001f4f9510808]
Event: 2.142 Thread 0x000001f4d06b18e0 3927       1       org.springframework.core.annotation.AnnotatedElementUtils::getAnnotationAttributes (23 bytes)
Event: 2.142 Thread 0x000001f4cf17bf20 nmethod 3926 0x000001f4f9510890 code [0x000001f4f9510a40, 0x000001f4f9510b98]
Event: 2.142 Thread 0x000001f4cf6f0b80 nmethod 3923 0x000001f4f9510d10 code [0x000001f4f9510f80, 0x000001f4f95114b0]
Event: 2.142 Thread 0x000001f4cf17bf20 3928       1       org.springframework.core.ResolvableType::forType (7 bytes)
Event: 2.142 Thread 0x000001f4d06b18e0 nmethod 3927 0x000001f4f9511810 code [0x000001f4f9511a20, 0x000001f4f9511d40]
Event: 2.142 Thread 0x000001f4cf17bf20 nmethod 3928 0x000001f4f9511f90 code [0x000001f4f9512140, 0x000001f4f9512210]
Event: 2.142 Thread 0x000001f4d06b18e0 3929       1       org.springframework.core.annotation.AnnotatedElementUtils::findMergedAnnotationAttributes (24 bytes)
Event: 2.142 Thread 0x000001f4d06b18e0 nmethod 3929 0x000001f4f9512290 code [0x000001f4f9512480, 0x000001f4f9512698]
Event: 2.165 Thread 0x000001f4cf6f0b80 3931       1       jdk.internal.loader.ClassLoaderHelper::mapAlternativeName (2 bytes)
Event: 2.165 Thread 0x000001f4cf6f0b80 nmethod 3931 0x000001f4f9512b10 code [0x000001f4f9512ca0, 0x000001f4f9512d50]
Event: 2.165 Thread 0x000001f4cf6f0b80 3932       1       java.io.File::<init> (111 bytes)
Event: 2.166 Thread 0x000001f4cf6f0b80 nmethod 3932 0x000001f4f9512e10 code [0x000001f4f9513060, 0x000001f4f9513668]
Event: 2.171 Thread 0x000001f4cf6f0b80 3933       1       org.springframework.core.ResolvableType::forMethodParameter (40 bytes)

GC Heap History (9 events):
Event: 0.559 GC heap before
{Heap before GC invocations=0 (full 0):
 garbage-first heap   total 524288K, used 24576K [0x0000000601000000, 0x0000000800000000)
  region size 4096K, 6 young (24576K), 0 survivors (0K)
 Metaspace       used 6811K, committed 7040K, reserved 1114112K
  class space    used 815K, committed 896K, reserved 1048576K
}
Event: 0.564 GC heap after
{Heap after GC invocations=1 (full 0):
 garbage-first heap   total 524288K, used 7196K [0x0000000601000000, 0x0000000800000000)
  region size 4096K, 1 young (4096K), 1 survivors (4096K)
 Metaspace       used 6811K, committed 7040K, reserved 1114112K
  class space    used 815K, committed 896K, reserved 1048576K
}
Event: 0.922 GC heap before
{Heap before GC invocations=1 (full 0):
 garbage-first heap   total 524288K, used 27676K [0x0000000601000000, 0x0000000800000000)
  region size 4096K, 6 young (24576K), 1 survivors (4096K)
 Metaspace       used 10907K, committed 11200K, reserved 1114112K
  class space    used 1439K, committed 1536K, reserved 1048576K
}
Event: 0.925 GC heap after
{Heap after GC invocations=2 (full 0):
 garbage-first heap   total 524288K, used 8815K [0x0000000601000000, 0x0000000800000000)
  region size 4096K, 1 young (4096K), 1 survivors (4096K)
 Metaspace       used 10907K, committed 11200K, reserved 1114112K
  class space    used 1439K, committed 1536K, reserved 1048576K
}
Event: 1.249 GC heap before
{Heap before GC invocations=2 (full 0):
 garbage-first heap   total 524288K, used 45679K [0x0000000601000000, 0x0000000800000000)
  region size 4096K, 11 young (45056K), 1 survivors (4096K)
 Metaspace       used 19513K, committed 19904K, reserved 1114112K
  class space    used 2600K, committed 2752K, reserved 1048576K
}
Event: 1.252 GC heap after
{Heap after GC invocations=3 (full 0):
 garbage-first heap   total 524288K, used 11685K [0x0000000601000000, 0x0000000800000000)
  region size 4096K, 2 young (8192K), 2 survivors (8192K)
 Metaspace       used 19513K, committed 19904K, reserved 1114112K
  class space    used 2600K, committed 2752K, reserved 1048576K
}
Event: 1.659 GC heap before
{Heap before GC invocations=4 (full 0):
 garbage-first heap   total 69632K, used 44453K [0x0000000601000000, 0x0000000800000000)
  region size 4096K, 10 young (40960K), 2 survivors (8192K)
 Metaspace       used 22442K, committed 22848K, reserved 1114112K
  class space    used 3027K, committed 3200K, reserved 1048576K
}
Event: 1.662 GC heap after
{Heap after GC invocations=5 (full 0):
 garbage-first heap   total 69632K, used 14780K [0x0000000601000000, 0x0000000800000000)
  region size 4096K, 2 young (8192K), 2 survivors (8192K)
 Metaspace       used 22442K, committed 22848K, reserved 1114112K
  class space    used 3027K, committed 3200K, reserved 1048576K
}
Event: 2.171 GC heap before
{Heap before GC invocations=5 (full 0):
 garbage-first heap   total 69632K, used 47548K [0x0000000601000000, 0x0000000800000000)
  region size 4096K, 10 young (40960K), 2 survivors (8192K)
 Metaspace       used 26984K, committed 27520K, reserved 1114112K
  class space    used 3717K, committed 3968K, reserved 1048576K
}

Dll operation events (12 events):
Event: 0.006 Loaded shared library C:\Users\Oathkeeper\.jdks\openjdk-21.0.2\bin\java.dll
Event: 0.101 Loaded shared library C:\Users\Oathkeeper\.jdks\openjdk-21.0.2\bin\zip.dll
Event: 0.104 Loaded shared library C:\Users\Oathkeeper\.jdks\openjdk-21.0.2\bin\instrument.dll
Event: 0.108 Loaded shared library C:\Users\Oathkeeper\.jdks\openjdk-21.0.2\bin\net.dll
Event: 0.110 Loaded shared library C:\Users\Oathkeeper\.jdks\openjdk-21.0.2\bin\nio.dll
Event: 0.112 Loaded shared library C:\Users\Oathkeeper\.jdks\openjdk-21.0.2\bin\zip.dll
Event: 0.181 Loaded shared library C:\Program Files\JetBrains\IntelliJ IDEA 2023.3.4\bin\breakgen64.dll
Event: 0.186 Loaded shared library C:\Users\Oathkeeper\.jdks\openjdk-21.0.2\bin\jimage.dll
Event: 0.190 Loaded shared library C:\Users\Oathkeeper\.jdks\openjdk-21.0.2\bin\extnet.dll
Event: 0.203 Loaded shared library C:\Users\Oathkeeper\.jdks\openjdk-21.0.2\bin\management.dll
Event: 0.211 Loaded shared library C:\Users\Oathkeeper\.jdks\openjdk-21.0.2\bin\management_ext.dll
Event: 1.300 Loaded shared library C:\Users\Oathkeeper\.jdks\openjdk-21.0.2\bin\sunmscapi.dll

Deoptimization events (2 events):
Event: 2.103 Thread 0x000001f4ee58d370 DEOPT PACKING pc=0x000001f4f941f414 sp=0x0000000fdc0fc2e0
Event: 2.103 Thread 0x000001f4ee58d370 DEOPT UNPACKING pc=0x000001f4f8bf4e42 sp=0x0000000fdc0fb7a0 mode 0

Classes loaded (20 events):
Event: 1.994 Loading class jdk/internal/org/objectweb/asm/ClassReader
Event: 1.994 Loading class jdk/internal/org/objectweb/asm/ClassReader done
Event: 2.053 Loading class javax/naming/NameNotFoundException
Event: 2.053 Loading class javax/naming/NameNotFoundException done
Event: 2.070 Loading class sun/invoke/util/ValueConversions$1
Event: 2.070 Loading class sun/invoke/util/ValueConversions$1 done
Event: 2.071 Loading class java/lang/invoke/BoundMethodHandle$Species_LI
Event: 2.071 Loading class java/lang/invoke/BoundMethodHandle$Species_LI done
Event: 2.100 Loading class java/lang/Class$EnclosingMethodInfo
Event: 2.100 Loading class java/lang/Class$EnclosingMethodInfo done
Event: 2.100 Loading class java/lang/reflect/AnnotatedType
Event: 2.100 Loading class java/lang/reflect/AnnotatedType done
Event: 2.139 Loading class java/text/MessageFormat
Event: 2.140 Loading class java/text/MessageFormat done
Event: 2.155 Loading class java/nio/file/InvalidPathException
Event: 2.155 Loading class java/nio/file/InvalidPathException done
Event: 2.156 Loading class java/lang/UnsatisfiedLinkError
Event: 2.156 Loading class java/lang/UnsatisfiedLinkError done
Event: 2.158 Loading class java/lang/ThreadDeath
Event: 2.158 Loading class java/lang/ThreadDeath done

Classes unloaded (0 events):
No events

Classes redefined (0 events):
No events

Internal exceptions (20 events):
Event: 1.966 Thread 0x000001f4ee58d370 Exception <a 'java/lang/NoSuchMethodError'{0x00000006043d56d0}: 'int java.lang.invoke.DirectMethodHandle$Holder.invokeSpecial(java.lang.Object, java.lang.Object, int)'> (0x00000006043d56d0) 
thrown [s\open\src\hotspot\share\interpreter\linkResolver.cpp, line 773]
Event: 1.967 Thread 0x000001f4ee58d370 Exception <a 'java/lang/NoSuchMethodError'{0x00000006043dcab8}: 'int java.lang.invoke.Invokers$Holder.linkToTargetMethod(java.lang.Object, java.lang.Object)'> (0x00000006043dcab8) 
thrown [s\open\src\hotspot\share\interpreter\linkResolver.cpp, line 773]
Event: 1.977 Thread 0x000001f4ee58d370 Exception <a 'java/lang/NoSuchMethodError'{0x0000000603c75498}: 'java.lang.Object java.lang.invoke.Invokers$Holder.invoke_MT(java.lang.Object, java.lang.Object, java.lang.Object, java.lang.Object, java.lang.Object, java.lang.Object, java.lang.Object, java.lang.Object, java.lang.Object, java.lang.Object)'> (0x0000000603c75498) 
thrown [s\open\src\hotspot\share\interpreter\linkResolver.cpp, line 773]
Event: 1.980 Thread 0x000001f4ee58d370 Exception <a 'java/lang/NoSuchMethodError'{0x0000000603cb2768}: 'java.lang.Object java.lang.invoke.DirectMethodHandle$Holder.invokeSpecial(java.lang.Object, java.lang.Object, int, java.lang.Object, java.lang.Object)'> (0x0000000603cb2768) 
thrown [s\open\src\hotspot\share\interpreter\linkResolver.cpp, line 773]
Event: 1.980 Thread 0x000001f4ee58d370 Exception <a 'java/lang/NoSuchMethodError'{0x0000000603cb6198}: 'java.lang.Object java.lang.invoke.DelegatingMethodHandle$Holder.delegate(java.lang.Object, int, java.lang.Object, java.lang.Object)'> (0x0000000603cb6198) 
thrown [s\open\src\hotspot\share\interpreter\linkResolver.cpp, line 773]
Event: 1.981 Thread 0x000001f4ee58d370 Exception <a 'java/lang/NoSuchMethodError'{0x0000000603cc54c0}: 'int java.lang.invoke.Invokers$Holder.linkToTargetMethod(java.lang.Object, java.lang.Object, java.lang.Object)'> (0x0000000603cc54c0) 
thrown [s\open\src\hotspot\share\interpreter\linkResolver.cpp, line 773]
Event: 1.996 Thread 0x000001f4ee58d370 Exception <a 'java/lang/NoSuchMethodError'{0x0000000603d6cff0}: 'void java.lang.invoke.Invokers$Holder.invokeExact_MT(java.lang.Object, java.lang.Object, java.lang.Object)'> (0x0000000603d6cff0) 
thrown [s\open\src\hotspot\share\interpreter\linkResolver.cpp, line 773]
Event: 2.011 Thread 0x000001f4ee58d370 Exception <a 'java/lang/NoSuchMethodError'{0x0000000603e218e0}: 'java.lang.Object java.lang.invoke.DirectMethodHandle$Holder.newInvokeSpecial(java.lang.Object, java.lang.Object, java.lang.Object, java.lang.Object, java.lang.Object, java.lang.Object)'> (0x0000000603e218e0) 
thrown [s\open\src\hotspot\share\interpreter\linkResolver.cpp, line 773]
Event: 2.023 Thread 0x000001f4ee58d370 Exception <a 'java/lang/NoClassDefFoundError'{0x0000000603ed2fa8}: org/flywaydb/core/Flyway> (0x0000000603ed2fa8) 
thrown [s\open\src\hotspot\share\classfile\systemDictionary.cpp, line 301]
Event: 2.023 Thread 0x000001f4ee58d370 Exception <a 'java/lang/NoClassDefFoundError'{0x0000000603ed55c0}: liquibase/integration/spring/SpringLiquibase> (0x0000000603ed55c0) 
thrown [s\open\src\hotspot\share\classfile\systemDictionary.cpp, line 301]
Event: 2.044 Thread 0x000001f4ee58d370 Exception <a 'java/lang/NoClassDefFoundError'{0x00000006038f0130}: org/jooq/DSLContext> (0x00000006038f0130) 
thrown [s\open\src\hotspot\share\classfile\systemDictionary.cpp, line 301]
Event: 2.045 Thread 0x000001f4ee58d370 Exception <a 'java/lang/NoClassDefFoundError'{0x00000006038feab0}: org/springframework/batch/core/repository/JobRepository> (0x00000006038feab0) 
thrown [s\open\src\hotspot\share\classfile\systemDictionary.cpp, line 301]
Event: 2.045 Thread 0x000001f4ee58d370 Exception <a 'java/lang/NoClassDefFoundError'{0x0000000603900e20}: org/quartz/Scheduler> (0x0000000603900e20) 
thrown [s\open\src\hotspot\share\classfile\systemDictionary.cpp, line 301]
Event: 2.045 Thread 0x000001f4ee58d370 Exception <a 'java/lang/NoClassDefFoundError'{0x0000000603903788}: org/springframework/session/jdbc/JdbcIndexedSessionRepository> (0x0000000603903788) 
thrown [s\open\src\hotspot\share\classfile\systemDictionary.cpp, line 301]
Event: 2.070 Thread 0x000001f4ee58d370 Exception <a 'java/lang/NoSuchMethodError'{0x0000000603a8f740}: 'void java.lang.invoke.DirectMethodHandle$Holder.invokeVirtual(java.lang.Object, java.lang.Object, int)'> (0x0000000603a8f740) 
thrown [s\open\src\hotspot\share\interpreter\linkResolver.cpp, line 773]
Event: 2.071 Thread 0x000001f4ee58d370 Exception <a 'java/lang/NoSuchMethodError'{0x0000000603a932d8}: 'int java.lang.invoke.DirectMethodHandle$Holder.invokeSpecial(java.lang.Object, java.lang.Object, java.lang.Object, int)'> (0x0000000603a932d8) 
thrown [s\open\src\hotspot\share\interpreter\linkResolver.cpp, line 773]
Event: 2.071 Thread 0x000001f4ee58d370 Exception <a 'java/lang/NoSuchMethodError'{0x0000000603aa4f18}: 'java.lang.Object java.lang.invoke.DirectMethodHandle$Holder.invokeStatic(java.lang.Object, java.lang.Object, java.lang.Object, java.lang.Object, int)'> (0x0000000603aa4f18) 
thrown [s\open\src\hotspot\share\interpreter\linkResolver.cpp, line 773]
Event: 2.072 Thread 0x000001f4ee58d370 Exception <a 'java/lang/NoSuchMethodError'{0x0000000603aac2c8}: 'void java.lang.invoke.DelegatingMethodHandle$Holder.reinvoke_L(java.lang.Object, java.lang.Object, int)'> (0x0000000603aac2c8) 
thrown [s\open\src\hotspot\share\interpreter\linkResolver.cpp, line 773]
Event: 2.136 Thread 0x000001f4ee58d370 Exception <a 'java/lang/NoSuchMethodError'{0x0000000603657aa0}: 'void java.lang.invoke.Invokers$Holder.invokeExact_MT(java.lang.Object, java.lang.Object, java.lang.Object, java.lang.Object)'> (0x0000000603657aa0) 
thrown [s\open\src\hotspot\share\interpreter\linkResolver.cpp, line 773]
Event: 2.146 Thread 0x000001f4ee58d370 Exception <a 'java/lang/NoSuchMethodError'{0x00000006036cb1d0}: 'java.lang.Object java.lang.invoke.DirectMethodHandle$Holder.invokeVirtual(java.lang.Object, java.lang.Object, java.lang.Object, java.lang.Object, java.lang.Object)'> (0x00000006036cb1d0) 
thrown [s\open\src\hotspot\share\interpreter\linkResolver.cpp, line 773]

ZGC Phase Switch (0 events):
No events

VM Operations (20 events):
Event: 1.662 Executing VM operation: G1CollectForAllocation (G1 Evacuation Pause) done
Event: 1.794 Executing VM operation: HandshakeAllThreads (Deoptimize)
Event: 1.794 Executing VM operation: HandshakeAllThreads (Deoptimize) done
Event: 1.794 Executing VM operation: HandshakeAllThreads (Deoptimize)
Event: 1.794 Executing VM operation: HandshakeAllThreads (Deoptimize) done
Event: 1.799 Executing VM operation: HandshakeAllThreads (Deoptimize)
Event: 1.799 Executing VM operation: HandshakeAllThreads (Deoptimize) done
Event: 1.852 Executing VM operation: HandshakeAllThreads (Deoptimize)
Event: 1.852 Executing VM operation: HandshakeAllThreads (Deoptimize) done
Event: 1.969 Executing VM operation: HandshakeAllThreads (Deoptimize)
Event: 1.969 Executing VM operation: HandshakeAllThreads (Deoptimize) done
Event: 2.079 Executing VM operation: HandshakeAllThreads (Deoptimize)
Event: 2.079 Executing VM operation: HandshakeAllThreads (Deoptimize) done
Event: 2.093 Executing VM operation: ICBufferFull
Event: 2.093 Executing VM operation: ICBufferFull done
Event: 2.102 Executing VM operation: HandshakeAllThreads (Deoptimize)
Event: 2.102 Executing VM operation: HandshakeAllThreads (Deoptimize) done
Event: 2.103 Executing VM operation: HandshakeAllThreads (Deoptimize)
Event: 2.103 Executing VM operation: HandshakeAllThreads (Deoptimize) done
Event: 2.171 Executing VM operation: G1CollectForAllocation (G1 Evacuation Pause)

Events (20 events):
Event: 0.034 Thread 0x000001f4cf17bf20 Thread added: 0x000001f4cf17bf20
Event: 0.086 Thread 0x000001f4fe6dddf0 Thread added: 0x000001f4fe6dddf0
Event: 0.182 Thread 0x000001f4cf5fd300 Thread added: 0x000001f4cf5fd300
Event: 0.182 Thread 0x000001f4cf5fd970 Thread added: 0x000001f4cf5fd970
Event: 0.262 Thread 0x000001f4cf6944a0 Thread added: 0x000001f4cf6944a0
Event: 0.302 Thread 0x000001f4cf6f0b80 Thread added: 0x000001f4cf6f0b80
Event: 0.404 Thread 0x000001f4cf8b87a0 Thread added: 0x000001f4cf8b87a0
Event: 1.019 Thread 0x000001f4d0409130 Thread added: 0x000001f4d0409130
Event: 1.064 Thread 0x000001f4d053c8d0 Thread added: 0x000001f4d053c8d0
Event: 1.076 Thread 0x000001f4d057e800 Thread added: 0x000001f4d057e800
Event: 1.080 Thread 0x000001f4d064a1e0 Thread added: 0x000001f4d064a1e0
Event: 1.095 Thread 0x000001f4d064a1e0 Thread exited: 0x000001f4d064a1e0
Event: 1.107 Thread 0x000001f4d06b18e0 Thread added: 0x000001f4d06b18e0
Event: 1.303 Thread 0x000001f4d0409130 Thread exited: 0x000001f4d0409130
Event: 1.332 Thread 0x000001f4d06be140 Thread added: 0x000001f4d06be140
Event: 1.357 Thread 0x000001f4d06be140 Thread exited: 0x000001f4d06be140
Event: 1.599 Thread 0x000001f4d09bfd60 Thread added: 0x000001f4d09bfd60
Event: 1.602 Thread 0x000001f4d09bfd60 Thread exited: 0x000001f4d09bfd60
Event: 2.104 Thread 0x000001f4d0c7fb70 Thread added: 0x000001f4d0c7fb70
Event: 2.107 Thread 0x000001f4d0c7fb70 Thread exited: 0x000001f4d0c7fb70


Dynamic libraries:
0x00007ff6665f0000 - 0x00007ff6665fe000 	C:\Users\Oathkeeper\.jdks\openjdk-21.0.2\bin\java.exe
0x00007ffe2aff0000 - 0x00007ffe2b1e8000 	C:\WINDOWS\SYSTEM32\ntdll.dll
0x00007ffe29070000 - 0x00007ffe29132000 	C:\WINDOWS\System32\KERNEL32.DLL
0x00007ffe287b0000 - 0x00007ffe28aaf000 	C:\WINDOWS\System32\KERNELBASE.dll
0x00007ffe28be0000 - 0x00007ffe28ce0000 	C:\WINDOWS\System32\ucrtbase.dll
0x00007ffdfcfd0000 - 0x00007ffdfcfe8000 	C:\Users\Oathkeeper\.jdks\openjdk-21.0.2\bin\jli.dll
0x00007ffdfcbb0000 - 0x00007ffdfcbcb000 	C:\Users\Oathkeeper\.jdks\openjdk-21.0.2\bin\VCRUNTIME140.dll
0x00007ffe294c0000 - 0x00007ffe2965d000 	C:\WINDOWS\System32\USER32.dll
0x00007ffe28dd0000 - 0x00007ffe28df2000 	C:\WINDOWS\System32\win32u.dll
0x00007ffe0e080000 - 0x00007ffe0e31a000 	C:\WINDOWS\WinSxS\amd64_microsoft.windows.common-controls_6595b64144ccf1df_6.0.19041.4355_none_60b8b9eb71f62e16\COMCTL32.dll
0x00007ffe2af80000 - 0x00007ffe2afab000 	C:\WINDOWS\System32\GDI32.dll
0x00007ffe29810000 - 0x00007ffe298ae000 	C:\WINDOWS\System32\msvcrt.dll
0x00007ffe28690000 - 0x00007ffe287aa000 	C:\WINDOWS\System32\gdi32full.dll
0x00007ffe28d30000 - 0x00007ffe28dcd000 	C:\WINDOWS\System32\msvcp_win.dll
0x00007ffe29150000 - 0x00007ffe2917f000 	C:\WINDOWS\System32\IMM32.DLL
0x00007ffe002a0000 - 0x00007ffe002ac000 	C:\Users\Oathkeeper\.jdks\openjdk-21.0.2\bin\vcruntime140_1.dll
0x00007ffdc9010000 - 0x00007ffdc909e000 	C:\Users\Oathkeeper\.jdks\openjdk-21.0.2\bin\msvcp140.dll
0x00007ffdc82f0000 - 0x00007ffdc9007000 	C:\Users\Oathkeeper\.jdks\openjdk-21.0.2\bin\server\jvm.dll
0x00007ffe2ab00000 - 0x00007ffe2abaf000 	C:\WINDOWS\System32\ADVAPI32.dll
0x00007ffe29ac0000 - 0x00007ffe29b5f000 	C:\WINDOWS\System32\sechost.dll
0x00007ffe2a4f0000 - 0x00007ffe2a613000 	C:\WINDOWS\System32\RPCRT4.dll
0x00007ffe28b40000 - 0x00007ffe28b67000 	C:\WINDOWS\System32\bcrypt.dll
0x00007ffe2af10000 - 0x00007ffe2af7b000 	C:\WINDOWS\System32\WS2_32.dll
0x00007ffe27b90000 - 0x00007ffe27bdb000 	C:\WINDOWS\SYSTEM32\POWRPROF.dll
0x00007ffe21ae0000 - 0x00007ffe21b07000 	C:\WINDOWS\SYSTEM32\WINMM.dll
0x00007ffe24150000 - 0x00007ffe2415a000 	C:\WINDOWS\SYSTEM32\VERSION.dll
0x00007ffe27a50000 - 0x00007ffe27a62000 	C:\WINDOWS\SYSTEM32\UMPDC.dll
0x00007ffe264f0000 - 0x00007ffe26502000 	C:\WINDOWS\SYSTEM32\kernel.appcore.dll
0x00007ffdff920000 - 0x00007ffdff92a000 	C:\Users\Oathkeeper\.jdks\openjdk-21.0.2\bin\jimage.dll
0x00007ffe19b80000 - 0x00007ffe19d64000 	C:\WINDOWS\SYSTEM32\DBGHELP.DLL
0x00007ffe09720000 - 0x00007ffe09754000 	C:\WINDOWS\SYSTEM32\dbgcore.DLL
0x00007ffe28ab0000 - 0x00007ffe28b32000 	C:\WINDOWS\System32\bcryptPrimitives.dll
0x00007ffe24a90000 - 0x00007ffe24a9f000 	C:\Users\Oathkeeper\.jdks\openjdk-21.0.2\bin\instrument.dll
0x00007ffdfcb90000 - 0x00007ffdfcbaf000 	C:\Users\Oathkeeper\.jdks\openjdk-21.0.2\bin\java.dll
0x00007ffe29c50000 - 0x00007ffe2a3bd000 	C:\WINDOWS\System32\SHELL32.dll
0x00007ffe266f0000 - 0x00007ffe26e94000 	C:\WINDOWS\SYSTEM32\windows.storage.dll
0x00007ffe2abb0000 - 0x00007ffe2af05000 	C:\WINDOWS\System32\combase.dll
0x00007ffe27fe0000 - 0x00007ffe2800f000 	C:\WINDOWS\SYSTEM32\Wldp.dll
0x00007ffe299d0000 - 0x00007ffe29a9d000 	C:\WINDOWS\System32\OLEAUT32.dll
0x00007ffe29260000 - 0x00007ffe2930d000 	C:\WINDOWS\System32\SHCORE.dll
0x00007ffe29010000 - 0x00007ffe29065000 	C:\WINDOWS\System32\shlwapi.dll
0x00007ffe285c0000 - 0x00007ffe285e4000 	C:\WINDOWS\SYSTEM32\profapi.dll
0x00007ffdf8a00000 - 0x00007ffdf8a18000 	C:\Users\Oathkeeper\.jdks\openjdk-21.0.2\bin\zip.dll
0x00007ffdfcfc0000 - 0x00007ffdfcfd0000 	C:\Users\Oathkeeper\.jdks\openjdk-21.0.2\bin\net.dll
0x00007ffe23de0000 - 0x00007ffe23eea000 	C:\WINDOWS\SYSTEM32\WINHTTP.dll
0x00007ffe27dc0000 - 0x00007ffe27e2c000 	C:\WINDOWS\system32\mswsock.dll
0x00007ffdfc7b0000 - 0x00007ffdfc7c6000 	C:\Users\Oathkeeper\.jdks\openjdk-21.0.2\bin\nio.dll
0x00007ffe0cf40000 - 0x00007ffe0cf5a000 	C:\Program Files\JetBrains\IntelliJ IDEA 2023.3.4\bin\breakgen64.dll
0x00007ffdfc7a0000 - 0x00007ffdfc7a9000 	C:\Users\Oathkeeper\.jdks\openjdk-21.0.2\bin\extnet.dll
0x00007ffe27ac0000 - 0x00007ffe27b8a000 	C:\WINDOWS\SYSTEM32\DNSAPI.dll
0x00007ffe27a70000 - 0x00007ffe27aab000 	C:\WINDOWS\SYSTEM32\IPHLPAPI.DLL
0x00007ffe29bc0000 - 0x00007ffe29bc8000 	C:\WINDOWS\System32\NSI.dll
0x0000000050660000 - 0x0000000050686000 	C:\Program Files\Bonjour\mdnsNSP.dll
0x00007ffe210b0000 - 0x00007ffe210ba000 	C:\Windows\System32\rasadhlp.dll
0x00007ffe207e0000 - 0x00007ffe20860000 	C:\WINDOWS\System32\fwpuclnt.dll
0x00007ffe24860000 - 0x00007ffe2486a000 	C:\Users\Oathkeeper\.jdks\openjdk-21.0.2\bin\management.dll
0x00007ffe0d190000 - 0x00007ffe0d19b000 	C:\Users\Oathkeeper\.jdks\openjdk-21.0.2\bin\management_ext.dll
0x00007ffe29140000 - 0x00007ffe29148000 	C:\WINDOWS\System32\PSAPI.DLL
0x00007ffe28330000 - 0x00007ffe28348000 	C:\WINDOWS\SYSTEM32\CRYPTSP.dll
0x00007ffe27690000 - 0x00007ffe276c4000 	C:\WINDOWS\system32\rsaenh.dll
0x00007ffe28580000 - 0x00007ffe285ae000 	C:\WINDOWS\SYSTEM32\USERENV.dll
0x00007ffe27f50000 - 0x00007ffe27f5c000 	C:\WINDOWS\SYSTEM32\CRYPTBASE.dll
0x00007ffe1e060000 - 0x00007ffe1e077000 	C:\WINDOWS\system32\napinsp.dll
0x00007ffe1e040000 - 0x00007ffe1e05b000 	C:\WINDOWS\system32\pnrpnsp.dll
0x00007ffe24270000 - 0x00007ffe2428d000 	C:\WINDOWS\system32\NLAapi.dll
0x00007ffe24e30000 - 0x00007ffe24e45000 	C:\WINDOWS\system32\wshbth.dll
0x00007ffe1e000000 - 0x00007ffe1e012000 	C:\WINDOWS\System32\winrnr.dll
0x00007ffe0cc60000 - 0x00007ffe0cc6e000 	C:\Users\Oathkeeper\.jdks\openjdk-21.0.2\bin\sunmscapi.dll
0x00007ffe28eb0000 - 0x00007ffe2900c000 	C:\WINDOWS\System32\CRYPT32.dll
0x00007ffe28050000 - 0x00007ffe28077000 	C:\WINDOWS\SYSTEM32\ncrypt.dll
0x00007ffe28010000 - 0x00007ffe2804b000 	C:\WINDOWS\SYSTEM32\NTASN1.dll

dbghelp: loaded successfully - version: 4.0.5 - missing functions: none
symbol engine: initialized successfully - sym options: 0x614 - pdb path: .;C:\Users\Oathkeeper\.jdks\openjdk-21.0.2\bin;C:\WINDOWS\SYSTEM32;C:\WINDOWS\WinSxS\amd64_microsoft.windows.common-controls_6595b64144ccf1df_6.0.19041.4355_none_60b8b9eb71f62e16;C:\Users\Oathkeeper\.jdks\openjdk-21.0.2\bin\server;C:\Program Files\JetBrains\IntelliJ IDEA 2023.3.4\bin;C:\Program Files\Bonjour

VM Arguments:
jvm_args: -XX:TieredStopAtLevel=1 -Dspring.output.ansi.enabled=always -Dcom.sun.management.jmxremote -Dspring.jmx.enabled=true -Dspring.liveBeansView.mbeanDomain -Dspring.application.admin.enabled=true -Dmanagement.endpoints.jmx.exposure.include=* -javaagent:C:\Program Files\JetBrains\IntelliJ IDEA 2023.3.4\lib\idea_rt.jar=52512:C:\Program Files\JetBrains\IntelliJ IDEA 2023.3.4\bin -Dfile.encoding=UTF-8 -Dsun.stdout.encoding=UTF-8 -Dsun.stderr.encoding=UTF-8 
java_command: gr.balasis.hotel.core.HotelCore
java_class_path (initial): C:\Users\Oathkeeper\IdeaProjects\hotel-demo\hotel-core\target\classes;C:\Users\Oathkeeper\IdeaProjects\hotel-demo\hotel-context\hotel-context-base\hotel-context-base-domain\target\classes;C:\Users\Oathkeeper\IdeaProjects\hotel-demo\hotel-context\hotel-context-web\hotel-context-web-domain\target\classes;C:\Users\Oathkeeper\.m2\repository\org\mapstruct\mapstruct\1.6.3\mapstruct-1.6.3.jar;C:\Users\Oathkeeper\.m2\repository\com\h2database\h2\2.3.232\h2-2.3.232.jar;C:\Users\Oathkeeper\.m2\repository\org\springframework\boot\spring-boot-starter-data-jpa\3.4.3\spring-boot-starter-data-jpa-3.4.3.jar;C:\Users\Oathkeeper\.m2\repository\org\springframework\boot\spring-boot-starter-jdbc\3.4.3\spring-boot-starter-jdbc-3.4.3.jar;C:\Users\Oathkeeper\.m2\repository\com\zaxxer\HikariCP\5.1.0\HikariCP-5.1.0.jar;C:\Users\Oathkeeper\.m2\repository\org\springframework\spring-jdbc\6.2.3\spring-jdbc-6.2.3.jar;C:\Users\Oathkeeper\.m2\repository\org\hibernate\orm\hibernate-core\6.6.8.Final\hibernate-core-6.6.8.Final.jar;C:\Users\Oathkeeper\.m2\repository\jakarta\persistence\jakarta.persistence-api\3.1.0\jakarta.persistence-api-3.1.0.jar;C:\Users\Oathkeeper\.m2\repository\jakarta\transaction\jakarta.transaction-api\2.0.1\jakarta.transaction-api-2.0.1.jar;C:\Users\Oathkeeper\.m2\repository\org\jboss\logging\jboss-logging\3.6.1.Final\jboss-logging-3.6.1.Final.jar;C:\Users\Oathkeeper\.m2\repository\org\hibernate\common\hibernate-commons-annotations\7.0.3.Final\hibernate-commons-annotations-7.0.3.Final.jar;C:\Users\Oathkeeper\.m2\repository\io\smallrye\jandex\3.2.0\jandex-3.2.0.jar;C:\Users\Oathkeeper\.m2\repository\com\fasterxml\classmate\1.7.0\classmate-1.7.0.jar;C:\Users\Oathkeeper\.m2\repository\net\bytebuddy\byte-buddy\1.15.11\byte-buddy-1.15.11.jar;C:\Users\Oathkeeper\.m2\repository\jakarta\xml\bind\jakarta.xml.bind-api\4.0.2\jakarta.xml.bind-api-4.0.2.jar;C:\Users\Oathkeeper\.m2\repository\jakarta\activation\jakarta.activation-api\2.1.3\jakarta.activation-api-2.1.3.jar;C:\Users\Oathkeeper\.m2\repository\org\glassfish\jaxb\jaxb-runtime\4.0.5\jaxb-runtime-4.0.5.jar;C:\Users\Oathkeeper\.m2\repository\org\glassfish\jaxb\jaxb-core\4.0.5\jaxb-core-4.0.5.jar;C:\Users\Oathkeeper\.m2\repository\org\eclipse\angus\angus-activation\2.0.2\angus-activation-2.0.2.jar;C:\Users\Oathkeeper\.m2\repository\org\glassfish\jaxb\txw2\4.0.5\txw2-4.0.5.jar;C:\Users\Oathkeeper\.m2\repository\com\sun\istack\istack-commons-runtime\4.1.2\istack-commons-runtime-4.1.2.jar;C:\Users\Oathkeeper\.m2\repository\jakarta\inject\jakarta.inject-api\2.0.1\jakarta.inject-api-2.0.1.jar;C:\Users\Oathkeeper\.m2\repository\org\antlr\antlr4-runtime\4.13.0\antlr4-runtime-4.13.0.jar;C:\Users\Oathkeeper\.m2\repository\org\springframework\data\spring-data-jpa\3.4.3\spring-data-jpa-3.4.3.jar;C:\Users\Oathkeeper\.m2\repository\org\springframework\data\spring-data-commons\3.4.3\spring-data-commons-3.4.3.jar;C:\Users\Oathkeeper\.m2\repository\org\springframework\spring-orm\6.2.3\spring-orm-6.2.3.jar;C:\Users\Oathkeeper\.m2\repository\org\springframework\spring-tx\6.2.3\spring-tx-6.2.3.jar;C:\Users\Oathkeeper\.m2\repository\org\slf4j\slf4j-api\2.0.16\slf4j-api-2.0.16.jar;C:\Users\Oathkeeper\.m2\repository\org\springframework\spring-aspects\6.2.3\spring-aspects-6.2.3.jar;C:\Users\Oathkeeper\.m2\repository\org\aspectj\aspectjweaver\1.9.22.1\aspectjweaver-1.9.22.1.jar;C:\Users\Oathkeeper\.m2\repository\org\springframework\boot\spring-boot-starter-web\3.4.2\spring-boot-starter-web-3.4.2.jar;C:\Users\Oathkeeper\.m2\repository\org\springframework\boot\spring-boot-starter-json\3.4.3\spring-boot-starter-json-3.4.3.jar;C:\Users\Oathkeeper\.m2\repository\com\fasterxml\jackson\core\jackson-databind\2.18.2\jackson-databind-2.18.2.jar;C:\Users\Oathkeeper\.m2\repository\com\fasterxml\jackson\core\jackson-annotations\2.18.2\jackson-annotations-2.18.2.jar;C:\Users\Oathkeeper\.m2\repository\com\fasterxml\jackson\core\jackson-core\2.18.2\jackson-core-2.18.2.jar;C:\Users\Oathkeeper\.m2\repository\com\fasterxml\jackson\datatype\jackson-datatype-jdk8\2.18.2\jackson-datatype-jdk8-2.18.2.jar;C:\Users\Oathkeeper\.m2\repository\com\fasterxml\jackson\datatype\jackson-datatype-jsr310\2.18.2\jackson-datatype-jsr310-2.18.2.jar;C:\Users\Oathkeeper\.m2\repository\com\fasterxml\jackson\module\jackson-module-parameter-names\2.18.2\jackson-module-parameter-names-2.18.2.jar;C:\Users\Oathkeeper\.m2\repository\org\springframework\boot\spring-boot-starter-tomcat\3.4.3\spring-boot-starter-tomcat-3.4.3.jar;C:\Users\Oathkeeper\.m2\repository\org\apache\tomcat\embed\tomcat-embed-core\10.1.36\tomcat-embed-core-10.1.36.jar;C:\Users\Oathkeeper\.m2\repository\org\apache\tomcat\embed\tomcat-embed-el\10.1.36\tomcat-embed-el-10.1.36.jar;C:\Users\Oathkeeper\.m2\repository\org\apache\tomcat\embed\tomcat-embed-websocket\10.1.36\tomcat-embed-websocket-10.1.36.jar;C:\Users\Oathkeeper\.m2\repository\org\springframework\spring-web\6.2.3\spring-web-6.2.3.jar;C:\Users\Oathkeeper\.m2\repository\org\springframework\spring-webmvc\6.2.3\spring-webmvc-6.2.3.jar;C:\Users\Oathkeeper\.m2\repository\org\springframework\spring-context\6.2.3\spring-context-6.2.3.jar;C:\Users\Oathkeeper\.m2\repository\org\springframework\spring-aop\6.2.3\spring-aop-6.2.3.jar;C:\Users\Oathkeeper\.m2\repository\org\springframework\spring-beans\6.2.3\spring-beans-6.2.3.jar;C:\Users\Oathkeeper\.m2\repository\org\springframework\spring-core\6.2.3\spring-core-6.2.3.jar;C:\Users\Oathkeeper\.m2\repository\org\springframework\spring-jcl\6.2.3\spring-jcl-6.2.3.jar;C:\Users\Oathkeeper\.m2\repository\org\springframework\spring-expression\6.2.3\spring-expression-6.2.3.jar;C:\Users\Oathkeeper\.m2\repository\io\micrometer\micrometer-observation\1.14.4\micrometer-observation-1.14.4.jar;C:\Users\Oathkeeper\.m2\repository\io\micrometer\micrometer-commons\1.14.4\micrometer-commons-1.14.4.jar;C:\Users\Oathkeeper\.m2\repository\org\springframework\boot\spring-boot-starter\3.4.3\spring-boot-starter-3.4.3.jar;C:\Users\Oathkeeper\.m2\repository\org\springframework\boot\spring-boot\3.4.3\spring-boot-3.4.3.jar;C:\Users\Oathkeeper\.m2\repository\org\springframework\boot\spring-boot-autoconfigure\3.4.3\spring-boot-autoconfigure-3.4.3.jar;C:\Users\Oathkeeper\.m2\repository\org\springframework\boot\spring-boot-starter-logging\3.4.3\spring-boot-starter-logging-3.4.3.jar;C:\Users\Oathkeeper\.m2\repository\ch\qos\logback\logback-classic\1.5.16\logback-classic-1.5.16.jar;C:\Users\Oathkeeper\.m2\repository\ch\qos\logback\logback-core\1.5.16\logback-core-1.5.16.jar;C:\Users\Oathkeeper\.m2\repository\org\apache\logging\log4j\log4j-to-slf4j\2.24.3\log4j-to-slf4j-2.24.3.jar;C:\Users\Oathkeeper\.m2\repository\org\apache\logging\log4j\log4j-api\2.24.3\log4j-api-2.24.3.jar;C:\Users\Oathkeeper\.m2\repository\org\slf4j\jul-to-slf4j\2.0.16\jul-to-slf4j-2.0.16.jar;C:\Users\Oathkeeper\.m2\repository\jakarta\annotation\jakarta.annotation-api\2.1.1\jakarta.annotation-api-2.1.1.jar;C:\Users\Oathkeeper\.m2\repository\org\yaml\snakeyaml\2.3\snakeyaml-2.3.jar;C:\Users\Oathkeeper\.m2\repository\org\projectlombok\lombok\1.18.36\lombok-1.18.36.jar
Launcher Type: SUN_STANDARD

[Global flags]
     intx CICompilerCount                          = 12                                        {product} {ergonomic}
     uint ConcGCThreads                            = 3                                         {product} {ergonomic}
     uint G1ConcRefinementThreads                  = 13                                        {product} {ergonomic}
   size_t G1HeapRegionSize                         = 4194304                                   {product} {ergonomic}
    uintx GCDrainStackTargetSize                   = 64                                        {product} {ergonomic}
   size_t InitialHeapSize                          = 536870912                                 {product} {ergonomic}
     bool ManagementServer                         = true                                      {product} {command line}
   size_t MarkStackSize                            = 4194304                                   {product} {ergonomic}
   size_t MaxHeapSize                              = 8573157376                                {product} {ergonomic}
   size_t MaxNewSize                               = 5142216704                                {product} {ergonomic}
   size_t MinHeapDeltaBytes                        = 4194304                                   {product} {ergonomic}
   size_t MinHeapSize                              = 8388608                                   {product} {ergonomic}
    uintx NonNMethodCodeHeapSize                   = 4096                                   {pd product} {ergonomic}
    uintx NonProfiledCodeHeapSize                  = 0                                      {pd product} {ergonomic}
     bool ProfileInterpreter                       = false                                  {pd product} {command line}
    uintx ProfiledCodeHeapSize                     = 0                                      {pd product} {ergonomic}
   size_t SoftMaxHeapSize                          = 8573157376                             {manageable} {ergonomic}
     intx TieredStopAtLevel                        = 1                                         {product} {command line}
     bool UseCompressedOops                        = true                           {product lp64_product} {ergonomic}
     bool UseG1GC                                  = true                                      {product} {ergonomic}
     bool UseLargePagesIndividualAllocation        = false                                  {pd product} {ergonomic}

Logging:
Log output configuration:
 #0: stdout all=warning uptime,level,tags foldmultilines=false
 #1: stderr all=off uptime,level,tags foldmultilines=false

Environment Variables:
PATH=C:\Program Files\Microsoft MPI\Bin\;C:\Program Files\Common Files\Oracle\Java\javapath;C:\WINDOWS\system32;C:\WINDOWS;C:\WINDOWS\System32\Wbem;C:\WINDOWS\System32\WindowsPowerShell\v1.0\;C:\WINDOWS\System32\OpenSSH\;C:\Program Files\dotnet\;C:\Program Files (x86)\NVIDIA Corporation\PhysX\Common;E:\Program Files\Git\cmd;C:\Program Files\Azure Data Studio\bin;C:\Program Files\nodejs\;C:\Program Files\Java\jdk-21\bin;C:\Program Files\Eclipse Adoptium\jdk-17.0.10.7-hotspot\bin;E:\Program Files\Android\Android Studio\bin;C:\Program Files (x86)\Microsoft SQL Server\160\Tools\Binn\;C:\Program Files\Microsoft SQL Server\160\Tools\Binn\;C:\Program Files\Microsoft SQL Server\Client SDK\ODBC\170\Tools\Binn\;C:\Program Files\Microsoft SQL Server\160\DTS\Binn\;C:\Program Files (x86)\Microsoft SQL Server\160\DTS\Binn\;E:\php-8.3.8-Win32-vs16-x64\;C:\Program Files\swipl\bin;E:\mkcert\;C:\Program Files\Docker\Docker\resources\bin;E:\apache-maven-3.9.9\bin;E:\Program Files\PostgreSQL\17\bin;;C:\Program Files\NVIDIA Corporation\NVIDIA app\NvDLISR;E:\Users\Oathkeeper\AppData\Local\Programs\Python\Python312\Scripts\;E:\Users\Oathkeeper\AppData\Local\Programs\Python\Python312\;C:\Users\Oathkeeper\AppData\Local\Programs\Python\Launcher\;E:\Program Files\MySQL\MySQL Shell 8.2\bin\;C:\Users\Oathkeeper\AppData\Local\Microsoft\WindowsApps;C:\Program Files\Azure Data Studio\bin;C:\Users\Oathkeeper\AppData\Local\Programs\Microsoft VS Code\bin;C:\Users\Oathkeeper\AppData\Roaming\npm;C:\Users\Oathkeeper\.dotnet\tools;C:\Users\Oathkeeper\AppData\Local\GitHubDesktop\bin;E:\Program Files\JetBrains\PyCharm Community Edition 2024.1.4\bin;
USERNAME=Oathkeeper
OS=Windows_NT
PROCESSOR_IDENTIFIER=AMD64 Family 23 Model 1 Stepping 1, AuthenticAMD
TMP=C:\Users\OATHKE~1\AppData\Local\Temp
TEMP=C:\Users\OATHKE~1\AppData\Local\Temp




Periodic native trim disabled

---------------  S Y S T E M  ---------------

OS:
 Windows 10 , 64 bit Build 19041 (10.0.19041.5438)
OS uptime: 0 days 1:59 hours
Hyper-V role detected

CPU: total 16 (initial active 16) (16 cores per cpu, 2 threads per core) family 23 model 1 stepping 1 microcode 0x0, cx8, cmov, fxsr, ht, mmx, 3dnowpref, sse, sse2, sse3, ssse3, sse4a, sse4.1, sse4.2, popcnt, lzcnt, tsc, tscinvbit, avx, avx2, aes, clmul, bmi1, bmi2, adx, sha, fma, vzeroupper, clflush, clflushopt, hv, rdtscp, f16c
Processor Information for all 16 processors :
  Max Mhz: 3600, Current Mhz: 3600, Mhz Limit: 3600

Memory: 4k page, system-wide physical 32700M (21655M free)
TotalPageFile size 37564M (AvailPageFile size 24351M)
current process WorkingSet (physical memory assigned to process): 152M, peak: 152M
current process commit charge ("private bytes"): 209M, peak: 648M

vm_info: OpenJDK 64-Bit Server VM (21.0.2+13-58) for windows-amd64 JRE (21.0.2+13-58), built on 2024-01-05T18:32:24Z by "mach5one" with MS VC++ 17.1 (VS2022)

END.
